<?xml version="1.0" encoding="UTF-8"?>
<testsuite xmlns:xsi="http://www.w3.org/2001/XMLSchema-instance" xsi:noNamespaceSchemaLocation="https://maven.apache.org/surefire/maven-surefire-plugin/xsd/surefire-test-report-3.0.xsd" version="3.0" name="com.demo.config_server.ConfigServerApplicationTests" time="7.22" tests="1" errors="0" skipped="0" failures="0">
  <properties>
[...]
</properties>
  <testcase name="contextLoads" classname="com.demo.config_server.ConfigServerApplicationTests" time="1.285">
    <system-out><![CDATA[11:58:51.412 [main] INFO org.springframework.test.context.support.AnnotationConfigContextLoaderUtils -- Could not detect default configuration classes for test class [com.demo.config_server.ConfigServerApplicationTests]: ConfigServerApplicationTests does not declare any static, non-private, non-final, nested classes annotated with @Configuration.
11:58:51.641 [main] INFO org.springframework.boot.test.context.SpringBootTestContextBootstrapper -- Found @SpringBootConfiguration com.demo.config_server.ConfigServerApplication for test class com.demo.config_server.ConfigServerApplicationTests

  .   ____          _            __ _ _
 /\\ / ___'_ __ _ _(_)_ __  __ _ \ \ \ \
( ( )\___ | '_ | '_| | '_ \/ _` | \ \ \ \
 \\/  ___)| |_)| | | | | || (_| |  ) ) ) )
  '  |____| .__|_| |_|_| |_\__, | / / / /
 =========|_|==============|___/=/_/_/_/

 :: Spring Boot ::                (v3.3.4)

2024-10-04T11:58:52.796+05:30  INFO 13444 --- [config-server] [           main] c.d.c.ConfigServerApplicationTests       : Starting ConfigServerApplicationTests using Java 21.0.4 with PID 13444 (started by Administrator in d:\SpringBootProjects\Hammerspace-LOC-CLO-main\config-server)
2024-10-04T11:58:52.802+05:30  INFO 13444 --- [config-server] [           main] c.d.c.ConfigServerApplicationTests       : The following 1 profile is active: "native"
2024-10-04T11:58:55.157+05:30  INFO 13444 --- [config-server] [           main] o.s.cloud.context.scope.GenericScope     : BeanFactory id=69a1608e-bc55-3193-8082-7311e1a11ea1
2024-10-04T11:58:56.989+05:30  INFO 13444 --- [config-server] [           main] c.d.c.ConfigServerApplicationTests       : Started ConfigServerApplicationTests in 5.079 seconds (process running for 6.916)
]]></system-out>
    <system-err><![CDATA[WARNING: A Java agent has been loaded dynamically (C:\Users\Administrator\.m2\repository\net\bytebuddy\byte-buddy-agent\1.14.19\byte-buddy-agent-1.14.19.jar)
WARNING: If a serviceability tool is in use, please run with -XX:+EnableDynamicAgentLoading to hide this warning
WARNING: If a serviceability tool is not in use, please run with -Djdk.instrument.traceUsage for more information
WARNING: Dynamic loading of agents will be disallowed by default in a future release
]]></system-err>
  </testcase>
</testsuite>